<?xml version="1.0" encoding="UTF-8"?>
<!-- Generated by org.testng.reporters.JUnitReportReporter -->
<testsuite skipped="0" hostname="Arpita-PC" name="com.testvagrant.cleartrip.tests.HotelBookingTest" tests="1" failures="0" timestamp="28 Aug 2019 21:35:57 GMT" time="41.160" errors="0">
  <testcase name="shouldBeAbleToSearchForHotels" time="41.160" classname="com.testvagrant.cleartrip.tests.HotelBookingTest"/>
</testsuite> <!-- com.testvagrant.cleartrip.tests.HotelBookingTest -->
