<?xml version="1.0" encoding="UTF-8"?>
<!-- Generated by org.testng.reporters.JUnitReportReporter -->
<testsuite skipped="0" hostname="Arpita-PC" name="SignInTest" tests="1" failures="0" timestamp="28 Aug 2019 20:24:52 GMT" time="33.426" errors="0">
  <testcase name="shouldThrowAnErrorIfSignInDetailsAreMissing" time="33.426" classname="SignInTest"/>
</testsuite> <!-- SignInTest -->
