<?xml version="1.0" encoding="UTF-8"?>
<!-- Generated by org.testng.reporters.JUnitReportReporter -->
<testsuite skipped="0" hostname="Arpita-PC" name="com.testvagrant.cleartrip.tests.FlightBookingTest" tests="1" failures="0" timestamp="29 Aug 2019 22:37:18 GMT" time="62.808" errors="0">
  <testcase name="testThatResultsAppearForAOneWayJourney" time="62.808" classname="com.testvagrant.cleartrip.tests.FlightBookingTest"/>
</testsuite> <!-- com.testvagrant.cleartrip.tests.FlightBookingTest -->
