<?xml version="1.0" encoding="UTF-8"?>
<!-- Generated by org.testng.reporters.JUnitReportReporter -->
<testsuite skipped="0" hostname="Arpita-PC" name="com.testvagrant.cleartrip.tests.HotelBookingTest" tests="1" failures="0" timestamp="28 Aug 2019 22:41:48 GMT" time="39.290" errors="0">
  <testcase name="shouldBeAbleToSearchForHotels" time="39.290" classname="com.testvagrant.cleartrip.tests.HotelBookingTest"/>
</testsuite> <!-- com.testvagrant.cleartrip.tests.HotelBookingTest -->
