<?xml version="1.0" encoding="UTF-8"?>
<!-- Generated by org.testng.reporters.JUnitReportReporter -->
<testsuite skipped="0" hostname="Arpita-PC" name="com.testvagrant.cleartrip.tests.SignInTest" tests="1" failures="0" timestamp="28 Aug 2019 21:23:31 GMT" time="35.865" errors="0">
  <testcase name="shouldThrowAnErrorIfSignInDetailsAreMissing" time="35.865" classname="com.testvagrant.cleartrip.tests.SignInTest"/>
</testsuite> <!-- com.testvagrant.cleartrip.tests.SignInTest -->
